2026-01-12 14:08:59.224 +01:00 [INF] Start procesu dla DocumentId: 1047
2026-01-12 14:08:59.308 +01:00 [INF] Pobieranie dokumentu z bazy
2026-01-12 14:09:00.352 +01:00 [INF] Mapowanie dokumentu na paragon fiskalny
2026-01-12 14:09:00.354 +01:00 [INF] Wysyłanie paragonu do drukarki fiskalnej
2026-01-12 14:09:00.394 +01:00 [INF] Wysyłka paragonu do drukarki fiskalnej
2026-01-12 14:09:03.073 +01:00 [INF] Proces zakończony poprawnie
2026-01-12 14:16:08.357 +01:00 [INF] Start procesu dla DocumentId: 1047
2026-01-12 14:16:08.431 +01:00 [INF] Pobieranie dokumentu z bazy
2026-01-12 14:16:09.237 +01:00 [INF] Mapowanie dokumentu na paragon fiskalny
2026-01-12 14:16:09.240 +01:00 [INF] Wysyłanie paragonu do drukarki fiskalnej
2026-01-12 14:16:09.245 +01:00 [INF] Wysyłka paragonu do drukarki fiskalnej
2026-01-12 14:16:10.664 +01:00 [ERR] Błąd drukarki. Status="InternalServerError", Body={"ok":false,"code":0,"message":"Blad: 4393717 - ERR_ENDTOT_VERIFY Blad weryfikacji wartosci fiskalnej "}
2026-01-12 14:16:10.746 +01:00 [FTL] Krytyczny błąd aplikacji
System.Net.Http.HttpRequestException: Response status code does not indicate success: 500 (Internal Server Error).
   at System.Net.Http.HttpResponseMessage.EnsureSuccessStatusCode()
   at ApplicationForFiscalPrinter.Services.FiscalPrinterClient.SendAsync(FiscalReceiptDto receipt) in C:\Users\Dominik\source\repos\ApplicationForFiscalPrinter\ApplicationForFiscalPrinter\Services\FiscalPrinterClient.cs:line 47
   at ApplicationForFiscalPrinter.Services.DocumentService.ProcessDocumentAsync(Int32 documentId) in C:\Users\Dominik\source\repos\ApplicationForFiscalPrinter\ApplicationForFiscalPrinter\Services\DocumentService.cs:line 30
   at Program.<Main>$(String[] args) in C:\Users\Dominik\source\repos\ApplicationForFiscalPrinter\ApplicationForFiscalPrinter\Program.cs:line 20
2026-01-12 14:16:52.114 +01:00 [INF] Start procesu dla DocumentId: 1047
2026-01-12 14:16:52.185 +01:00 [INF] Pobieranie dokumentu z bazy
2026-01-12 14:16:52.953 +01:00 [INF] Mapowanie dokumentu na paragon fiskalny
2026-01-12 14:16:52.956 +01:00 [INF] Wysyłanie paragonu do drukarki fiskalnej
2026-01-12 14:16:52.962 +01:00 [INF] Wysyłka paragonu do drukarki fiskalnej
2026-01-12 14:16:55.148 +01:00 [INF] Proces zakończony poprawnie
2026-01-12 14:17:27.329 +01:00 [INF] Start procesu dla DocumentId: 1047
2026-01-12 14:17:27.386 +01:00 [INF] Pobieranie dokumentu z bazy
2026-01-12 14:17:28.204 +01:00 [INF] Mapowanie dokumentu na paragon fiskalny
2026-01-12 14:17:28.207 +01:00 [INF] Wysyłanie paragonu do drukarki fiskalnej
2026-01-12 14:17:28.218 +01:00 [INF] Wysyłka paragonu do drukarki fiskalnej
2026-01-12 14:17:30.430 +01:00 [INF] Proces zakończony poprawnie
2026-01-12 14:24:10.508 +01:00 [INF] Start procesu dla DocumentId: 1047
2026-01-12 14:24:10.580 +01:00 [INF] Pobieranie dokumentu z bazy
2026-01-12 14:24:11.345 +01:00 [INF] Mapowanie dokumentu na paragon fiskalny
2026-01-12 14:24:11.348 +01:00 [INF] Wysyłanie paragonu do drukarki fiskalnej
2026-01-12 14:24:11.353 +01:00 [INF] Wysyłka paragonu do drukarki fiskalnej
2026-01-12 14:24:13.773 +01:00 [INF] Proces zakończony poprawnie
2026-01-12 14:48:40.167 +01:00 [INF] Start procesu dla DocumentId: 1047
2026-01-12 14:48:40.234 +01:00 [INF] Pobieranie dokumentu z bazy
2026-01-12 14:48:40.988 +01:00 [INF] Mapowanie dokumentu na paragon fiskalny
2026-01-12 14:48:40.993 +01:00 [INF] Wysyłanie paragonu do drukarki fiskalnej
2026-01-12 14:48:40.999 +01:00 [INF] Wysyłka paragonu do drukarki fiskalnej
2026-01-12 14:48:43.187 +01:00 [INF] Proces zakończony poprawnie
